%このファイルは日本語文字を含みます.
\BOOKMARK [1][-]{section.1}{\376\377\136\217\212\326}{}% 1
\BOOKMARK [2][-]{subsection.1.1}{\376\377\170\024\172\166\060\156\200\314\146\157}{section.1}% 2
\BOOKMARK [2][-]{subsection.1.2}{\376\377\170\024\172\166\060\156\166\356\166\204}{section.1}% 3
\BOOKMARK [2][-]{subsection.1.3}{\376\377\170\024\172\166\060\156\151\313\142\020}{section.1}% 4
\BOOKMARK [1][-]{section.2}{\376\377\060\334\060\374\060\272\060\242\060\244\060\363\060\267\060\345\060\277\060\244\060\363\121\335\176\056}{}% 5
\BOOKMARK [2][-]{subsection.2.1}{\376\377\000B\000o\000s\000e\000-\000E\000i\000n\000s\000t\000e\000i\000n\121\335\176\056\060\150\060\157\377\037}{section.2}% 6
\BOOKMARK [2][-]{subsection.2.2}{\376\377\170\024\172\166\060\156\151\313\142\020}{section.2}% 7
\BOOKMARK [1][-]{section.3}{\376\377\122\261\215\167\133\120}{}% 8
\BOOKMARK [2][-]{subsection.3.1}{\376\377\123\112\134\016\117\123}{section.3}% 9
\BOOKMARK [2][-]{subsection.3.2}{\376\377\123\112\134\016\117\123\060\156\121\111\133\146\137\334\173\124}{section.3}% 10
\BOOKMARK [2][-]{subsection.3.3}{\376\377\122\261\215\167\133\120\060\156\060\250\060\315\060\353\060\256\060\374\156\226\117\115}{section.3}% 11
\BOOKMARK [2][-]{subsection.3.4}{\376\377\122\261\215\167\133\120\060\156}{section.3}% 12
\BOOKMARK [2][-]{subsection.3.5}{\376\377\226\373\133\120\153\143\133\124\174\373\060\153\060\144\060\104\060\146}{section.3}% 13
\BOOKMARK [1][-]{section.4}{\376\377\116\234\221\170\123\026\222\205\175\120\146\166}{}% 14
\BOOKMARK [2][-]{subsection.4.1}{\376\377\175\120\146\166\151\313\220\040\060\001\060\320\060\363\060\311\151\313\220\040}{section.4}% 15
\BOOKMARK [2][-]{subsection.4.2}{\376\377\213\016}{section.4}% 16
\BOOKMARK [2][-]{subsection.4.3}{\376\377\236\304\202\162\174\373\122\027\000\040\0001\000s\000\040\122\261\215\167\133\120\060\156\121\111\133\146\220\167\171\373}{section.4}% 17
\BOOKMARK [2][-]{subsection.4.4}{\376\377\153\152\123\160\122\240\060\156\121\103\060\147\060\156\116\234\221\170\123\026\222\205\175\120\146\166\060\156\140\047\214\352}{section.4}% 18
\BOOKMARK [2][-]{subsection.4.5}{\376\377\122\261\215\167\133\120\060\156\154\342\122\325\225\242\145\160}{section.4}% 19
\BOOKMARK [2][-]{subsection.4.6}{\376\377\122\261\215\167\133\120\000B\000E\000C\060\156\121\110\210\114\170\024\172\166}{section.4}% 20
\BOOKMARK [2][-]{subsection.4.7}{\376\377\116\234\221\170\123\026\222\205\175\120\146\166\060\156\162\171\137\264}{section.4}% 21
\BOOKMARK [1][-]{section.5}{\376\377\133\237\232\023\152\137\147\120\060\156\212\254\146\016}{}% 22
\BOOKMARK [2][-]{subsection.5.1}{\376\377\211\263\156\054\174\373\060\156\210\305\177\156}{section.5}% 23
\BOOKMARK [2][-]{subsection.5.2}{\376\377\122\261\215\167\121\111\060\156\133\237\232\023\210\305\177\156}{section.5}% 24
\BOOKMARK [2][-]{subsection.5.3}{\376\377\121\150\117\123\060\156\133\237\232\023\210\305\177\156\060\156\151\202\165\145}{section.5}% 25
\BOOKMARK [2][-]{subsection.5.4}{\376\377\060\250\060\315\060\353\060\256\060\374\060\267\060\325\060\310\060\156\212\010\173\227\145\271\154\325}{section.5}% 26
\BOOKMARK [1][-]{section.6}{\376\377\060\176\060\150\060\201\060\150\134\125\147\033}{}% 27
\BOOKMARK [1][-]{section.7}{\376\377\060\176\060\150\060\201}{}% 28
\BOOKMARK [1][-]{section.8}{\376\377\213\035\217\236}{}% 29
\BOOKMARK [1][-]{appendix.A}{\376\377\121\267\123\164\145\271\154\325}{}% 30
